[mainmo.repostatf]
savedmemoryfiles=7
 mainfo.sta
 commitqueryfo.sta
 optionsfo.sta
 revertqueryfo.sta
 lastmessagefo.sta
 clonequeryfo.sta
 commitmessagefo.sta
mainfo.sta=313
 [mainfo.panelcontroller]
 panels=2
  panel1
  panel2
 clients=299
  [mainfo.dockpanel]
  splitdir=2
  useroptions=33570179
  parent=mainfo.container
  visible=1
  mdistate=0
  nx=0
  ny=0
  ncx=0
  ncy=0
  x=0
  y=17
  cx=709
  cy=632
  rcx=0
  rcy=0
  [tagsfo.grid]
  propcolwidthref=730
  width0=159
  sortdescend0=0
  width1=217
  sortdescend1=0
  width2=88
  sortdescend2=0
  width3=124
  sortdescend3=1
  width4=103
  sortdescend4=0
  [tagsfo]
  splitdir=0
  useroptions=16507
  stackedunder=mainfo.panelcontroller.panel2
  parent=
  mdistate=0
  nx=0
  ny=0
  ncx=0
  ncy=0
  x=88
  y=177
  cx=779
  cy=354
  rcx=0
  rcy=0
  wsize=0
  active=0
  visible=0
  [logfo.grid]
  propcolwidthref=291
  width0=36
  sortdescend0=0
  sortdescend1=0
  width2=159
  sortdescend2=0
  width3=99
  sortdescend3=0
  width4=116
  sortdescend4=0
  width5=117
  sortdescend5=0
  sortcol=0
  rowstate=0
  sorted=1
  col=1
  row=-1073741823
  rowheight=16
  [logfo]
  splitdir=0
  useroptions=16507
  parent=mainfo.panelcontroller.panel2.container
  visible=1
  mdistate=0
  nx=0
  ny=0
  ncx=0
  ncy=0
  x=0
  y=280
  cx=834
  cy=124
  rcx=0
  rcy=0
  [diffwindowfo.tabs]
  tabsize=114
  firsttab=0
  index=0
  [diffwindowfo]
  splitdir=0
  useroptions=16507
  parent=mainfo.dockpanel
  visible=1
  mdistate=0
  nx=0
  ny=0
  ncx=0
  ncy=0
  x=0
  y=242
  cx=699
  cy=390
  rcx=0
  rcy=0
  [gitconsolefo]
  splitdir=0
  useroptions=16491
  parent=mainfo.panelcontroller.panel2.container
  visible=1
  mdistate=0
  nx=0
  ny=0
  ncx=0
  ncy=0
  x=0
  y=407
  cx=834
  cy=269
  rcx=0
  rcy=0
  [branchfo.remotegrid]
  propcolwidthref=369
  width0=118
  sortdescend0=0
  width1=136
  sortdescend1=0
  width2=103
  sortdescend2=0
  sortdescend3=0
  sortdescend4=0
  sortdescend5=0
  sortdescend6=0
  width7=32
  sortdescend7=0
  width8=29
  sortdescend8=0
  rowstate=0
  [branchfo.localgrid]
  propcolwidthref=304
  sortdescend0=0
  width1=198
  sortdescend1=0
  width2=95
  sortdescend2=0
  sortdescend3=0
  sortdescend4=0
  sortdescend5=0
  rowstate=0
  [branchfo.tsplitter1]
  x=386
  y=0
  xprop=0.46678321678322
  yprop=1
  [branchfo]
  splitdir=0
  useroptions=16507
  parent=mainfo.panelcontroller.panel2.container
  visible=1
  mdistate=0
  nx=0
  ny=0
  ncx=0
  ncy=0
  x=0
  y=69
  cx=834
  cy=208
  rcx=0
  rcy=0
  [remotesfo]
  splitdir=0
  useroptions=16491
  parent=mainfo.panelcontroller.panel2.container
  visible=1
  mdistate=0
  nx=0
  ny=0
  ncx=0
  ncy=0
  x=0
  y=0
  cx=834
  cy=66
  rcx=0
  rcy=0
  [remotesfo.grid]
  propcolwidthref=815
  width0=169
  sortdescend0=0
  width1=287
  sortdescend1=0
  width2=312
  sortdescend2=0
  [stashfo.stashgrid]
  propcolwidthref=435
  width0=120
  sortdescend0=0
  width1=309
  sortdescend1=0
  [stashfo]
  splitdir=0
  useroptions=16507
  stackedunder=tagsfo
  parent=
  mdistate=0
  nx=0
  ny=0
  ncx=0
  ncy=0
  x=100
  y=100
  cx=445
  cy=354
  rcx=0
  rcy=0
  wsize=0
  active=0
  visible=0
  [filesfo]
  splitdir=0
  useroptions=16507
  parent=mainfo.panelcontroller.panel1.container
  visible=1
  mdistate=0
  nx=0
  ny=0
  ncx=0
  ncy=0
  x=223
  y=0
  cx=476
  cy=239
  rcx=0
  rcy=0
  [filesfo.filelist.grid]
  propcolwidthref=270
  sortdescend0=0
  sortdescend1=1
  width2=174
  sortdescend2=0
  [dirtreefo]
  splitdir=0
  useroptions=16507
  parent=mainfo.panelcontroller.panel1.container
  visible=1
  mdistate=0
  nx=0
  ny=0
  ncx=0
  ncy=0
  x=0
  y=0
  cx=220
  cy=239
  rcx=0
  rcy=0
  [mainfo.panelcontroller.panel1]
  splitdir=1
  useroptions=32239
  parent=mainfo.dockpanel
  visible=1
  mdistate=0
  nx=0
  ny=0
  ncx=0
  ncy=0
  x=0
  y=0
  cx=699
  cy=239
  rcx=0
  rcy=0
  children=2
   filesfo,223,0,476,239
   dirtreefo,0,0,220,239
  focusedchild=1
  [mainfo.panelcontroller.panel2]
  splitdir=2
  useroptions=33586671
  stackedunder=mainfo
  parent=
  mdistate=0
  nx=0
  ny=0
  ncx=0
  ncy=0
  x=792
  y=39
  cx=844
  cy=676
  rcx=0
  rcy=0
  children=4
   logfo,0,280,834,124
   gitconsolefo,0,407,834,269
   branchfo,0,69,834,208
   remotesfo,0,0,834,66
  focusedchild=1
  wsize=0
  active=0
  visible=1
 [mainfo]
 stackedunder=
 x=145
 y=211
 cx=709
 cy=664
 wsize=0
 active=1
 visible=1
commitqueryfo.sta=19
 [commitqueryfo.tsplitter1]
 x=0
 y=334
 xprop=1
 yprop=0.65527950310559
 [commitqueryfo.tsplitter2]
 x=243
 y=0
 xprop=0.30524642289348
 yprop=0.99805825242718
 [commitqueryfo]
 stackedunder=
 x=317
 y=213
 cx=805
 cy=542
 wsize=0
 active=1
 visible=1
optionsfo.sta=9
 [optionsfo]
 stackedunder=
 x=236
 y=237
 cx=402
 cy=274
 wsize=0
 active=1
 visible=1
revertqueryfo.sta=9
 [remuntrackqueryfo]
 stackedunder=
 x=109
 y=231
 cx=343
 cy=286
 wsize=0
 active=1
 visible=1
lastmessagefo.sta=9
 [lastmessagefo]
 stackedunder=
 x=212
 y=250
 cx=341
 cy=263
 wsize=0
 active=1
 visible=1
clonequeryfo.sta=41
 [clonequeryfo.cloneurled]
 value=https://github.com/billbuzzell/RA8875_Oberon.git
 history=9
  https://github.com/billbuzzell/RA8875_Oberon.git
  https://gitorious.org/mseide-msegui/mseuniverse/mseunierse.git
  https://gitorious.org/mseide-msegui/mseide-msegui.git
  git@gitorious.org:mseide-msegui/mseide-msegui.git
  git://gitorious.org/mseide-msegui/mseuniverse/mseuniverse.git
  git@gitorious.org:mseuniverse/ideu.git
  https://gitorious.org/mseuniverse/mseuniverse.git
  https://github.com/graemeg/fpGUI.git
  
 [clonequeryfo.clonedired]
 filenames=1
  /E:/AAA_PRJ/RA8875_Oberon/
 lastdir=/E:/AAA_PRJ/RA8875_Oberon/
 filehistory=8
  /E:/AAA_PRJ/RA8875_Oberon/
  /E:/MSEgui-git/
  /E:/MSEgui-git/MseUniverse-git/
  /E:/mse-git/mseuniverse-git/
  /E:/mse-git/
  /E:/msegui/mseuniverse/ideu/
  /E:/msegui/
  /C:/
 filefilterindex=-1
 filefilter=
 filecolwidth=174
 x=0
 y=0
 cx=0
 cy=0
 [clonequeryfo]
 stackedunder=
 x=51
 y=128
 cx=587
 cy=135
 wsize=0
 active=1
 visible=1
commitmessagefo.sta=12
 [commitmessagefo.messageed]
 value=Merge from master.
 +
 [commitmessagefo]
 stackedunder=
 x=132
 y=271
 cx=399
 cy=183
 wsize=0
 active=1
 visible=1
[mainmo.repoobj]
activeremote=origin
activelocallogbranch=master
activeremotelog=
activeremotelogbranch=
commitmessages=1
 amend
commitmessage=amend
linkedremotebranches=0
hiddenremotes=0
hiddenremotebranches=0
hiddenlocalbranches=0
localbranchorder=0
remotesorder=0
remotebranchorder=0
showhiddenbranches=0
logfiltercommit=
logfiltercommitter=
logfilterdatemin=
logfilterdatemax=
logfiltermessage=
remotes=1
 origin,
diffdir=
